2016-05-22 23:55:29 [scrapy] INFO: Scrapy 1.0.1 started (bot: dmozscrapy)
2016-05-22 23:55:29 [scrapy] INFO: Optional features available: ssl, http11
2016-05-22 23:55:29 [scrapy] INFO: Overridden settings: {'NEWSPIDER_MODULE': 'dmozscrapy.spiders', 'FEED_URI': 'items.json', 'LOG_LEVEL': 20, 'SPIDER_MODULES': ['dmozscrapy.spiders'], 'BOT_NAME': 'dmozscrapy', 'LOG_STDOUT': True, 'FEED_FORMAT': 'json', 'LOG_FILE': 'dmoz.log'}
2016-05-22 23:55:29 [scrapy] INFO: Enabled extensions: CloseSpider, FeedExporter, TelnetConsole, LogStats, CoreStats, SpiderState
2016-05-22 23:55:30 [scrapy] INFO: Enabled downloader middlewares: HttpAuthMiddleware, DownloadTimeoutMiddleware, UserAgentMiddleware, RetryMiddleware, DefaultHeadersMiddleware, MetaRefreshMiddleware, HttpCompressionMiddleware, RedirectMiddleware, CookiesMiddleware, ChunkedTransferMiddleware, DownloaderStats
2016-05-22 23:55:30 [scrapy] INFO: Enabled spider middlewares: HttpErrorMiddleware, OffsiteMiddleware, RefererMiddleware, UrlLengthMiddleware, DepthMiddleware
2016-05-22 23:55:30 [scrapy] INFO: Enabled item pipelines: DuplicatesPipeline, JsonWriterPipeline
2016-05-22 23:55:30 [scrapy] INFO: Spider opened
2016-05-22 23:55:30 [scrapy] INFO: Crawled 0 pages (at 0 pages/min), scraped 0 items (at 0 items/min)
2016-05-22 23:55:33 [scrapy] INFO: Closing spider (finished)
2016-05-22 23:55:33 [scrapy] INFO: Stored json feed (22 items) in: items.json
2016-05-22 23:55:33 [scrapy] INFO: Dumping Scrapy stats:
{'downloader/request_bytes': 255,
 'downloader/request_count': 1,
 'downloader/request_method_count/GET': 1,
 'downloader/response_bytes': 10154,
 'downloader/response_count': 1,
 'downloader/response_status_count/200': 1,
 'finish_reason': 'finished',
 'finish_time': datetime.datetime(2016, 5, 22, 15, 55, 33, 246000),
 'item_scraped_count': 22,
 'log_count/INFO': 8,
 'response_received_count': 1,
 'scheduler/dequeued': 1,
 'scheduler/dequeued/memory': 1,
 'scheduler/enqueued': 1,
 'scheduler/enqueued/memory': 1,
 'start_time': datetime.datetime(2016, 5, 22, 15, 55, 30, 686000)}
2016-05-22 23:55:33 [scrapy] INFO: Spider closed (finished)
